<?xml version="1.0" encoding="UTF-8"?>
<!-- Generated by org.testng.reporters.JUnitXMLReporter -->
<testsuite ignored="0" hostname="SADEV-07" failures="0" tests="3" name="Default test" time="13.224" errors="0" timestamp="2024-12-02T21:15:49 EET">
  <testcase classname="testpages.TestloginwithValidAndwithInvalidCredentials" name="testUserCanLogout" time="0.982"/>
  <testcase classname="testpages.TestloginwithValidAndwithInvalidCredentials" name="validateLoginFunctionlitywithvalidcredentials" time="0.622"/>
  <testcase classname="testpages.TestloginwithValidAndwithInvalidCredentials" name="validateLoginfunctionalityWithInvalidCredentials" time="0.521"/>
</testsuite> <!-- Default test -->
